warning: virtual workspace defaulting to `resolver = "1"` despite one or more workspace members being on edition 2021 which implies `resolver = "2"`
  |
  = note: to keep the current resolver, specify `workspace.resolver = "1"` in the workspace root's manifest
  = note: to use the edition 2021 resolver, specify `workspace.resolver = "2"` in the workspace root's manifest
  = note: for more details see https://doc.rust-lang.org/cargo/reference/resolver.html#resolver-versions
   Compiling syn v2.0.117
   Compiling syn v1.0.109
    Checking termcolor v1.4.1
    Checking backtrace v0.3.76
   Compiling cc v1.0.106
    Checking libloading v0.7.4
    Checking rand_chacha v0.9.0
    Checking windows_x86_64_gnu v0.36.1
    Checking error-code v2.3.1
    Checking regex-automata v0.4.14
    Checking raw-window-handle v0.3.4
    Checking const_panic v0.2.15
   Compiling rfd v0.12.1
    Checking rayon-core v1.13.0
    Checking gpu-descriptor v0.2.4
    Checking glyph_brush_layout v0.2.4
    Checking windows_x86_64_gnu v0.48.5
    Checking guillotiere v0.6.2
    Checking windows-sys v0.36.1
    Checking clipboard-win v4.5.0
    Checking ash v0.37.3+1.3.251
    Checking d3d12 v0.6.0
    Checking khronos-egl v4.1.0
    Checking rand v0.9.2
    Checking codespan-reporting v0.11.1
error: error calling dlltool 'dlltool.exe': program not found

error: could not compile `cc` (lib) due to 1 previous error
warning: build failed, waiting for other jobs to finish...
